Total messages: 188 (Errors: 5, Warnings: 0)

[LOG] [DEBUG] After isWorklistStatus filter: 9 @ http://localhost:3000/_next/static/chunks/2374f_next_dist_5b90db1e._.js:2297
[LOG] [DEBUG] PENDING_ORDER_STATUSES: [SENT_TO_VENDOR, READY_TO_SHIP] @ http://localhost:3000/_next/static/chunks/2374f_next_dist_5b90db1e._.js:2297
[LOG] [DEBUG] All statuses in data: [READY_TO_SHIP] @ http://localhost:3000/_next/static/chunks/2374f_next_dist_5b90db1e._.js:2297
[LOG] [DEBUG] orderLookupQuery.data: 9 rows @ http://localhost:3000/_next/static/chunks/2374f_next_dist_5b90db1e._.js:2297
[LOG] [DEBUG] order_line_ids: [775b3943-357b-4cbc-bfd3-6643c32fcc09, fa09582e-1c7f-460c-907d-54370b7fa846, 42d43d5b-a237-401f-bce9-721ea34c3f1c, bb936cb5-3dd7-4b7f-a604-f2b87c39bf4f, f50130e2-da9d-4123-9ced-a1e1159690d4, a2b6e3df-fea7-4744-a37f-45b947c61f55, 054bb594-5f8f-4fdc-b22d-ae793d3dcd38, 225a76dc-9e6e-437c-8aaa-d36187dbafa2, 06b6c2a4-297c-4b45-bcc9-01d6fbe5b155] @ http://localhost:3000/_next/static/chunks/2374f_next_dist_5b90db1e._.js:2297
[LOG] [DEBUG] onlyReadyToShip: true @ http://localhost:3000/_next/static/chunks/2374f_next_dist_5b90db1e._.js:2297
[LOG] [DEBUG] includeStorePickup: false @ http://localhost:3000/_next/static/chunks/2374f_next_dist_5b90db1e._.js:2297
[LOG] [DEBUG] storePickupLookupQuery.isLoading: false @ http://localhost:3000/_next/static/chunks/2374f_next_dist_5b90db1e._.js:2297
[LOG] [DEBUG] storePickupLookupIds: [] @ http://localhost:3000/_next/static/chunks/2374f_next_dist_5b90db1e._.js:2297
[LOG] [DEBUG] Removed order_line_ids (store pickup): [] @ http://localhost:3000/_next/static/chunks/2374f_next_dist_5b90db1e._.js:2297
[LOG] [DEBUG] After store pickup filter: 9 / 9 @ http://localhost:3000/_next/static/chunks/2374f_next_dist_5b90db1e._.js:2297
[LOG] [DEBUG] After isWorklistStatus filter: 9 @ http://localhost:3000/_next/static/chunks/2374f_next_dist_5b90db1e._.js:2297
[LOG] [DEBUG] PENDING_ORDER_STATUSES: [SENT_TO_VENDOR, READY_TO_SHIP] @ http://localhost:3000/_next/static/chunks/2374f_next_dist_5b90db1e._.js:2297
[LOG] [DEBUG] All statuses in data: [READY_TO_SHIP] @ http://localhost:3000/_next/static/chunks/2374f_next_dist_5b90db1e._.js:2297
[LOG] [Prefill Data] Loaded: {order_line_id: 775b3943-357b-4cbc-bfd3-6643c32fcc09, order_id: 775b3943-357b-4cbc-bfd3-6643c32fcc09, order_no: 775b3943-3, order_date: 2026-02-19, client_id: 267b879b-9c8a-4406-889a-182ae5472503} @ http://localhost:3000/_next/static/chunks/2374f_next_dist_5b90db1e._.js:2297
[LOG] [Prefill Data] photo_url: master/f9f26337-f1b5-4f45-ae4d-22b4b1a47889.webp @ http://localhost:3000/_next/static/chunks/2374f_next_dist_5b90db1e._.js:2297
[LOG] [getMasterPhotoUrl] Input: master/f9f26337-f1b5-4f45-ae4d-22b4b1a47889.webp -> Output: https://ptxmypzrqonokuikpqzr.supabase.co/storage/v1/object/public/master_images/master/f9f26337-f1b5-4f45-ae4d-22b4b1a47889.webp @ http://localhost:3000/_next/static/chunks/2374f_next_dist_5b90db1e._.js:2297
[LOG] [getMasterPhotoUrl] Input: master/f9f26337-f1b5-4f45-ae4d-22b4b1a47889.webp -> Output: https://ptxmypzrqonokuikpqzr.supabase.co/storage/v1/object/public/master_images/master/f9f26337-f1b5-4f45-ae4d-22b4b1a47889.webp @ http://localhost:3000/_next/static/chunks/2374f_next_dist_5b90db1e._.js:2297
[LOG] [getMasterPhotoUrl] Input: master/f9f26337-f1b5-4f45-ae4d-22b4b1a47889.webp -> Output: https://ptxmypzrqonokuikpqzr.supabase.co/storage/v1/object/public/master_images/master/f9f26337-f1b5-4f45-ae4d-22b4b1a47889.webp @ http://localhost:3000/_next/static/chunks/2374f_next_dist_5b90db1e._.js:2297
[LOG] [getMasterPhotoUrl] Input: master/f9f26337-f1b5-4f45-ae4d-22b4b1a47889.webp -> Output: https://ptxmypzrqonokuikpqzr.supabase.co/storage/v1/object/public/master_images/master/f9f26337-f1b5-4f45-ae4d-22b4b1a47889.webp @ http://localhost:3000/_next/static/chunks/2374f_next_dist_5b90db1e._.js:2297
[LOG] [getMasterPhotoUrl] Input: master/f9f26337-f1b5-4f45-ae4d-22b4b1a47889.webp -> Output: https://ptxmypzrqonokuikpqzr.supabase.co/storage/v1/object/public/master_images/master/f9f26337-f1b5-4f45-ae4d-22b4b1a47889.webp @ http://localhost:3000/_next/static/chunks/2374f_next_dist_5b90db1e._.js:2297
[LOG] [getMasterPhotoUrl] Input: master/f9f26337-f1b5-4f45-ae4d-22b4b1a47889.webp -> Output: https://ptxmypzrqonokuikpqzr.supabase.co/storage/v1/object/public/master_images/master/f9f26337-f1b5-4f45-ae4d-22b4b1a47889.webp @ http://localhost:3000/_next/static/chunks/2374f_next_dist_5b90db1e._.js:2297
[LOG] [getMasterPhotoUrl] Input: master/f9f26337-f1b5-4f45-ae4d-22b4b1a47889.webp -> Output: https://ptxmypzrqonokuikpqzr.supabase.co/storage/v1/object/public/master_images/master/f9f26337-f1b5-4f45-ae4d-22b4b1a47889.webp @ http://localhost:3000/_next/static/chunks/2374f_next_dist_5b90db1e._.js:2297
[LOG] [getMasterPhotoUrl] Input: master/f9f26337-f1b5-4f45-ae4d-22b4b1a47889.webp -> Output: https://ptxmypzrqonokuikpqzr.supabase.co/storage/v1/object/public/master_images/master/f9f26337-f1b5-4f45-ae4d-22b4b1a47889.webp @ http://localhost:3000/_next/static/chunks/2374f_next_dist_5b90db1e._.js:2297
[LOG] [getMasterPhotoUrl] Input: master/f9f26337-f1b5-4f45-ae4d-22b4b1a47889.webp -> Output: https://ptxmypzrqonokuikpqzr.supabase.co/storage/v1/object/public/master_images/master/f9f26337-f1b5-4f45-ae4d-22b4b1a47889.webp @ http://localhost:3000/_next/static/chunks/2374f_next_dist_5b90db1e._.js:2297
[LOG] [getMasterPhotoUrl] Input: master/f9f26337-f1b5-4f45-ae4d-22b4b1a47889.webp -> Output: https://ptxmypzrqonokuikpqzr.supabase.co/storage/v1/object/public/master_images/master/f9f26337-f1b5-4f45-ae4d-22b4b1a47889.webp @ http://localhost:3000/_next/static/chunks/2374f_next_dist_5b90db1e._.js:2297
[LOG] [getMasterPhotoUrl] Input: master/f9f26337-f1b5-4f45-ae4d-22b4b1a47889.webp -> Output: https://ptxmypzrqonokuikpqzr.supabase.co/storage/v1/object/public/master_images/master/f9f26337-f1b5-4f45-ae4d-22b4b1a47889.webp @ http://localhost:3000/_next/static/chunks/2374f_next_dist_5b90db1e._.js:2297
[LOG] [getMasterPhotoUrl] Input: master/f9f26337-f1b5-4f45-ae4d-22b4b1a47889.webp -> Output: https://ptxmypzrqonokuikpqzr.supabase.co/storage/v1/object/public/master_images/master/f9f26337-f1b5-4f45-ae4d-22b4b1a47889.webp @ http://localhost:3000/_next/static/chunks/2374f_next_dist_5b90db1e._.js:2297
[LOG] [getMasterPhotoUrl] Input: master/f9f26337-f1b5-4f45-ae4d-22b4b1a47889.webp -> Output: https://ptxmypzrqonokuikpqzr.supabase.co/storage/v1/object/public/master_images/master/f9f26337-f1b5-4f45-ae4d-22b4b1a47889.webp @ http://localhost:3000/_next/static/chunks/2374f_next_dist_5b90db1e._.js:2297
[LOG] [getMasterPhotoUrl] Input: master/f9f26337-f1b5-4f45-ae4d-22b4b1a47889.webp -> Output: https://ptxmypzrqonokuikpqzr.supabase.co/storage/v1/object/public/master_images/master/f9f26337-f1b5-4f45-ae4d-22b4b1a47889.webp @ http://localhost:3000/_next/static/chunks/2374f_next_dist_5b90db1e._.js:2297
[LOG] [getMasterPhotoUrl] Input: master/f9f26337-f1b5-4f45-ae4d-22b4b1a47889.webp -> Output: https://ptxmypzrqonokuikpqzr.supabase.co/storage/v1/object/public/master_images/master/f9f26337-f1b5-4f45-ae4d-22b4b1a47889.webp @ http://localhost:3000/_next/static/chunks/2374f_next_dist_5b90db1e._.js:2297
[LOG] [getMasterPhotoUrl] Input: master/f9f26337-f1b5-4f45-ae4d-22b4b1a47889.webp -> Output: https://ptxmypzrqonokuikpqzr.supabase.co/storage/v1/object/public/master_images/master/f9f26337-f1b5-4f45-ae4d-22b4b1a47889.webp @ http://localhost:3000/_next/static/chunks/2374f_next_dist_5b90db1e._.js:2297
[LOG] [getMasterPhotoUrl] Input: master/f9f26337-f1b5-4f45-ae4d-22b4b1a47889.webp -> Output: https://ptxmypzrqonokuikpqzr.supabase.co/storage/v1/object/public/master_images/master/f9f26337-f1b5-4f45-ae4d-22b4b1a47889.webp @ http://localhost:3000/_next/static/chunks/2374f_next_dist_5b90db1e._.js:2297
[LOG] [getMasterPhotoUrl] Input: master/f9f26337-f1b5-4f45-ae4d-22b4b1a47889.webp -> Output: https://ptxmypzrqonokuikpqzr.supabase.co/storage/v1/object/public/master_images/master/f9f26337-f1b5-4f45-ae4d-22b4b1a47889.webp @ http://localhost:3000/_next/static/chunks/2374f_next_dist_5b90db1e._.js:2297
[LOG] [getMasterPhotoUrl] Input: master/f9f26337-f1b5-4f45-ae4d-22b4b1a47889.webp -> Output: https://ptxmypzrqonokuikpqzr.supabase.co/storage/v1/object/public/master_images/master/f9f26337-f1b5-4f45-ae4d-22b4b1a47889.webp @ http://localhost:3000/_next/static/chunks/2374f_next_dist_5b90db1e._.js:2297
[LOG] [getMasterPhotoUrl] Input: master/f9f26337-f1b5-4f45-ae4d-22b4b1a47889.webp -> Output: https://ptxmypzrqonokuikpqzr.supabase.co/storage/v1/object/public/master_images/master/f9f26337-f1b5-4f45-ae4d-22b4b1a47889.webp @ http://localhost:3000/_next/static/chunks/2374f_next_dist_5b90db1e._.js:2297
[LOG] [getMasterPhotoUrl] Input: master/f9f26337-f1b5-4f45-ae4d-22b4b1a47889.webp -> Output: https://ptxmypzrqonokuikpqzr.supabase.co/storage/v1/object/public/master_images/master/f9f26337-f1b5-4f45-ae4d-22b4b1a47889.webp @ http://localhost:3000/_next/static/chunks/2374f_next_dist_5b90db1e._.js:2297
[LOG] [getMasterPhotoUrl] Input: master/f9f26337-f1b5-4f45-ae4d-22b4b1a47889.webp -> Output: https://ptxmypzrqonokuikpqzr.supabase.co/storage/v1/object/public/master_images/master/f9f26337-f1b5-4f45-ae4d-22b4b1a47889.webp @ http://localhost:3000/_next/static/chunks/2374f_next_dist_5b90db1e._.js:2297
[LOG] [getMasterPhotoUrl] Input: master/f9f26337-f1b5-4f45-ae4d-22b4b1a47889.webp -> Output: https://ptxmypzrqonokuikpqzr.supabase.co/storage/v1/object/public/master_images/master/f9f26337-f1b5-4f45-ae4d-22b4b1a47889.webp @ http://localhost:3000/_next/static/chunks/2374f_next_dist_5b90db1e._.js:2297
[LOG] [getMasterPhotoUrl] Input: master/f9f26337-f1b5-4f45-ae4d-22b4b1a47889.webp -> Output: https://ptxmypzrqonokuikpqzr.supabase.co/storage/v1/object/public/master_images/master/f9f26337-f1b5-4f45-ae4d-22b4b1a47889.webp @ http://localhost:3000/_next/static/chunks/2374f_next_dist_5b90db1e._.js:2297
[LOG] [getMasterPhotoUrl] Input: master/f9f26337-f1b5-4f45-ae4d-22b4b1a47889.webp -> Output: https://ptxmypzrqonokuikpqzr.supabase.co/storage/v1/object/public/master_images/master/f9f26337-f1b5-4f45-ae4d-22b4b1a47889.webp @ http://localhost:3000/_next/static/chunks/2374f_next_dist_5b90db1e._.js:2297
[LOG] [getMasterPhotoUrl] Input: master/f9f26337-f1b5-4f45-ae4d-22b4b1a47889.webp -> Output: https://ptxmypzrqonokuikpqzr.supabase.co/storage/v1/object/public/master_images/master/f9f26337-f1b5-4f45-ae4d-22b4b1a47889.webp @ http://localhost:3000/_next/static/chunks/2374f_next_dist_5b90db1e._.js:2297
[LOG] [getMasterPhotoUrl] Input: master/f9f26337-f1b5-4f45-ae4d-22b4b1a47889.webp -> Output: https://ptxmypzrqonokuikpqzr.supabase.co/storage/v1/object/public/master_images/master/f9f26337-f1b5-4f45-ae4d-22b4b1a47889.webp @ http://localhost:3000/_next/static/chunks/2374f_next_dist_5b90db1e._.js:2297
[LOG] [getMasterPhotoUrl] Input: master/f9f26337-f1b5-4f45-ae4d-22b4b1a47889.webp -> Output: https://ptxmypzrqonokuikpqzr.supabase.co/storage/v1/object/public/master_images/master/f9f26337-f1b5-4f45-ae4d-22b4b1a47889.webp @ http://localhost:3000/_next/static/chunks/2374f_next_dist_5b90db1e._.js:2297
[LOG] [getMasterPhotoUrl] Input: master/f9f26337-f1b5-4f45-ae4d-22b4b1a47889.webp -> Output: https://ptxmypzrqonokuikpqzr.supabase.co/storage/v1/object/public/master_images/master/f9f26337-f1b5-4f45-ae4d-22b4b1a47889.webp @ http://localhost:3000/_next/static/chunks/2374f_next_dist_5b90db1e._.js:2297
[LOG] [getMasterPhotoUrl] Input: master/f9f26337-f1b5-4f45-ae4d-22b4b1a47889.webp -> Output: https://ptxmypzrqonokuikpqzr.supabase.co/storage/v1/object/public/master_images/master/f9f26337-f1b5-4f45-ae4d-22b4b1a47889.webp @ http://localhost:3000/_next/static/chunks/2374f_next_dist_5b90db1e._.js:2297
[LOG] [PLATING_DEBUG][PREFILL] {orderLineId: 775b3943-357b-4cbc-bfd3-6643c32fcc09, shipmentLineId: afe6e8d3-926b-4d5d-8d8d-6d2dfd57311c, policyPlatingSellKrw: 0, policyPlatingCostKrw: 0, policyAbsorbPlatingKrw: 0} @ http://localhost:3000/_next/static/chunks/2374f_next_dist_5b90db1e._.js:2297
[LOG] [DEBUG] orderLookupQuery.data: 0 rows @ http://localhost:3000/_next/static/chunks/2374f_next_dist_5b90db1e._.js:2297
[LOG] [DEBUG] order_line_ids: [] @ http://localhost:3000/_next/static/chunks/2374f_next_dist_5b90db1e._.js:2297
[LOG] [DEBUG] onlyReadyToShip: true @ http://localhost:3000/_next/static/chunks/2374f_next_dist_5b90db1e._.js:2297
[LOG] [DEBUG] includeStorePickup: false @ http://localhost:3000/_next/static/chunks/2374f_next_dist_5b90db1e._.js:2297
[LOG] [DEBUG] storePickupLookupQuery.isLoading: false @ http://localhost:3000/_next/static/chunks/2374f_next_dist_5b90db1e._.js:2297
[LOG] [DEBUG] storePickupLookupIds: [] @ http://localhost:3000/_next/static/chunks/2374f_next_dist_5b90db1e._.js:2297
[LOG] [DEBUG] Removed order_line_ids (store pickup): [] @ http://localhost:3000/_next/static/chunks/2374f_next_dist_5b90db1e._.js:2297
[LOG] [DEBUG] After store pickup filter: 0 / 0 @ http://localhost:3000/_next/static/chunks/2374f_next_dist_5b90db1e._.js:2297
[LOG] [DEBUG] After isWorklistStatus filter: 0 @ http://localhost:3000/_next/static/chunks/2374f_next_dist_5b90db1e._.js:2297
[LOG] [DEBUG] PENDING_ORDER_STATUSES: [SENT_TO_VENDOR, READY_TO_SHIP] @ http://localhost:3000/_next/static/chunks/2374f_next_dist_5b90db1e._.js:2297
[LOG] [DEBUG] All statuses in data: [] @ http://localhost:3000/_next/static/chunks/2374f_next_dist_5b90db1e._.js:2297
[LOG] [DEBUG] orderLookupQuery.data: 0 rows @ http://localhost:3000/_next/static/chunks/2374f_next_dist_5b90db1e._.js:2297
[LOG] [DEBUG] order_line_ids: [] @ http://localhost:3000/_next/static/chunks/2374f_next_dist_5b90db1e._.js:2297
[LOG] [DEBUG] onlyReadyToShip: true @ http://localhost:3000/_next/static/chunks/2374f_next_dist_5b90db1e._.js:2297
[LOG] [DEBUG] includeStorePickup: false @ http://localhost:3000/_next/static/chunks/2374f_next_dist_5b90db1e._.js:2297
[LOG] [DEBUG] storePickupLookupQuery.isLoading: false @ http://localhost:3000/_next/static/chunks/2374f_next_dist_5b90db1e._.js:2297
[LOG] [DEBUG] storePickupLookupIds: [] @ http://localhost:3000/_next/static/chunks/2374f_next_dist_5b90db1e._.js:2297
[LOG] [DEBUG] Removed order_line_ids (store pickup): [] @ http://localhost:3000/_next/static/chunks/2374f_next_dist_5b90db1e._.js:2297
[LOG] [DEBUG] After store pickup filter: 0 / 0 @ http://localhost:3000/_next/static/chunks/2374f_next_dist_5b90db1e._.js:2297
[LOG] [DEBUG] After isWorklistStatus filter: 0 @ http://localhost:3000/_next/static/chunks/2374f_next_dist_5b90db1e._.js:2297
[LOG] [DEBUG] PENDING_ORDER_STATUSES: [SENT_TO_VENDOR, READY_TO_SHIP] @ http://localhost:3000/_next/static/chunks/2374f_next_dist_5b90db1e._.js:2297
[LOG] [DEBUG] All statuses in data: [] @ http://localhost:3000/_next/static/chunks/2374f_next_dist_5b90db1e._.js:2297
[LOG] [getMasterPhotoUrl] Input: master/f9f26337-f1b5-4f45-ae4d-22b4b1a47889.webp -> Output: https://ptxmypzrqonokuikpqzr.supabase.co/storage/v1/object/public/master_images/master/f9f26337-f1b5-4f45-ae4d-22b4b1a47889.webp @ http://localhost:3000/_next/static/chunks/2374f_next_dist_5b90db1e._.js:2297
[LOG] [getMasterPhotoUrl] Input: master/f9f26337-f1b5-4f45-ae4d-22b4b1a47889.webp -> Output: https://ptxmypzrqonokuikpqzr.supabase.co/storage/v1/object/public/master_images/master/f9f26337-f1b5-4f45-ae4d-22b4b1a47889.webp @ http://localhost:3000/_next/static/chunks/2374f_next_dist_5b90db1e._.js:2297
[LOG] [getMasterPhotoUrl] Input: master/f9f26337-f1b5-4f45-ae4d-22b4b1a47889.webp -> Output: https://ptxmypzrqonokuikpqzr.supabase.co/storage/v1/object/public/master_images/master/f9f26337-f1b5-4f45-ae4d-22b4b1a47889.webp @ http://localhost:3000/_next/static/chunks/2374f_next_dist_5b90db1e._.js:2297
[LOG] [getMasterPhotoUrl] Input: master/f9f26337-f1b5-4f45-ae4d-22b4b1a47889.webp -> Output: https://ptxmypzrqonokuikpqzr.supabase.co/storage/v1/object/public/master_images/master/f9f26337-f1b5-4f45-ae4d-22b4b1a47889.webp @ http://localhost:3000/_next/static/chunks/2374f_next_dist_5b90db1e._.js:2297
[LOG] [getMasterPhotoUrl] Input: master/f9f26337-f1b5-4f45-ae4d-22b4b1a47889.webp -> Output: https://ptxmypzrqonokuikpqzr.supabase.co/storage/v1/object/public/master_images/master/f9f26337-f1b5-4f45-ae4d-22b4b1a47889.webp @ http://localhost:3000/_next/static/chunks/2374f_next_dist_5b90db1e._.js:2297
[LOG] [getMasterPhotoUrl] Input: master/f9f26337-f1b5-4f45-ae4d-22b4b1a47889.webp -> Output: https://ptxmypzrqonokuikpqzr.supabase.co/storage/v1/object/public/master_images/master/f9f26337-f1b5-4f45-ae4d-22b4b1a47889.webp @ http://localhost:3000/_next/static/chunks/2374f_next_dist_5b90db1e._.js:2297
[LOG] [getMasterPhotoUrl] Input: master/f9f26337-f1b5-4f45-ae4d-22b4b1a47889.webp -> Output: https://ptxmypzrqonokuikpqzr.supabase.co/storage/v1/object/public/master_images/master/f9f26337-f1b5-4f45-ae4d-22b4b1a47889.webp @ http://localhost:3000/_next/static/chunks/2374f_next_dist_5b90db1e._.js:2297
[LOG] [getMasterPhotoUrl] Input: master/f9f26337-f1b5-4f45-ae4d-22b4b1a47889.webp -> Output: https://ptxmypzrqonokuikpqzr.supabase.co/storage/v1/object/public/master_images/master/f9f26337-f1b5-4f45-ae4d-22b4b1a47889.webp @ http://localhost:3000/_next/static/chunks/2374f_next_dist_5b90db1e._.js:2297
[LOG] [getMasterPhotoUrl] Input: master/f9f26337-f1b5-4f45-ae4d-22b4b1a47889.webp -> Output: https://ptxmypzrqonokuikpqzr.supabase.co/storage/v1/object/public/master_images/master/f9f26337-f1b5-4f45-ae4d-22b4b1a47889.webp @ http://localhost:3000/_next/static/chunks/2374f_next_dist_5b90db1e._.js:2297
[LOG] [getMasterPhotoUrl] Input: master/f9f26337-f1b5-4f45-ae4d-22b4b1a47889.webp -> Output: https://ptxmypzrqonokuikpqzr.supabase.co/storage/v1/object/public/master_images/master/f9f26337-f1b5-4f45-ae4d-22b4b1a47889.webp @ http://localhost:3000/_next/static/chunks/2374f_next_dist_5b90db1e._.js:2297
[LOG] [getMasterPhotoUrl] Input: master/f9f26337-f1b5-4f45-ae4d-22b4b1a47889.webp -> Output: https://ptxmypzrqonokuikpqzr.supabase.co/storage/v1/object/public/master_images/master/f9f26337-f1b5-4f45-ae4d-22b4b1a47889.webp @ http://localhost:3000/_next/static/chunks/2374f_next_dist_5b90db1e._.js:2297
[LOG] [getMasterPhotoUrl] Input: master/f9f26337-f1b5-4f45-ae4d-22b4b1a47889.webp -> Output: https://ptxmypzrqonokuikpqzr.supabase.co/storage/v1/object/public/master_images/master/f9f26337-f1b5-4f45-ae4d-22b4b1a47889.webp @ http://localhost:3000/_next/static/chunks/2374f_next_dist_5b90db1e._.js:2297
[LOG] [getMasterPhotoUrl] Input: master/f9f26337-f1b5-4f45-ae4d-22b4b1a47889.webp -> Output: https://ptxmypzrqonokuikpqzr.supabase.co/storage/v1/object/public/master_images/master/f9f26337-f1b5-4f45-ae4d-22b4b1a47889.webp @ http://localhost:3000/_next/static/chunks/2374f_next_dist_5b90db1e._.js:2297
[LOG] [getMasterPhotoUrl] Input: master/f9f26337-f1b5-4f45-ae4d-22b4b1a47889.webp -> Output: https://ptxmypzrqonokuikpqzr.supabase.co/storage/v1/object/public/master_images/master/f9f26337-f1b5-4f45-ae4d-22b4b1a47889.webp @ http://localhost:3000/_next/static/chunks/2374f_next_dist_5b90db1e._.js:2297
[LOG] [getMasterPhotoUrl] Input: master/f9f26337-f1b5-4f45-ae4d-22b4b1a47889.webp -> Output: https://ptxmypzrqonokuikpqzr.supabase.co/storage/v1/object/public/master_images/master/f9f26337-f1b5-4f45-ae4d-22b4b1a47889.webp @ http://localhost:3000/_next/static/chunks/2374f_next_dist_5b90db1e._.js:2297
[LOG] [getMasterPhotoUrl] Input: master/f9f26337-f1b5-4f45-ae4d-22b4b1a47889.webp -> Output: https://ptxmypzrqonokuikpqzr.supabase.co/storage/v1/object/public/master_images/master/f9f26337-f1b5-4f45-ae4d-22b4b1a47889.webp @ http://localhost:3000/_next/static/chunks/2374f_next_dist_5b90db1e._.js:2297
[LOG] [getMasterPhotoUrl] Input: master/f9f26337-f1b5-4f45-ae4d-22b4b1a47889.webp -> Output: https://ptxmypzrqonokuikpqzr.supabase.co/storage/v1/object/public/master_images/master/f9f26337-f1b5-4f45-ae4d-22b4b1a47889.webp @ http://localhost:3000/_next/static/chunks/2374f_next_dist_5b90db1e._.js:2297
[LOG] [getMasterPhotoUrl] Input: master/f9f26337-f1b5-4f45-ae4d-22b4b1a47889.webp -> Output: https://ptxmypzrqonokuikpqzr.supabase.co/storage/v1/object/public/master_images/master/f9f26337-f1b5-4f45-ae4d-22b4b1a47889.webp @ http://localhost:3000/_next/static/chunks/2374f_next_dist_5b90db1e._.js:2297
[LOG] [getMasterPhotoUrl] Input: master/f9f26337-f1b5-4f45-ae4d-22b4b1a47889.webp -> Output: https://ptxmypzrqonokuikpqzr.supabase.co/storage/v1/object/public/master_images/master/f9f26337-f1b5-4f45-ae4d-22b4b1a47889.webp @ http://localhost:3000/_next/static/chunks/2374f_next_dist_5b90db1e._.js:2297
[LOG] [getMasterPhotoUrl] Input: master/f9f26337-f1b5-4f45-ae4d-22b4b1a47889.webp -> Output: https://ptxmypzrqonokuikpqzr.supabase.co/storage/v1/object/public/master_images/master/f9f26337-f1b5-4f45-ae4d-22b4b1a47889.webp @ http://localhost:3000/_next/static/chunks/2374f_next_dist_5b90db1e._.js:2297
[ERROR] Failed to load resource: the server responded with a status of 500 (Internal Server Error) @ http://localhost:3000/api/master-pricing?model_name=RS-%EB%A0%88%EC%9D%B4%EC%8A%A4%EB%95%A1%EB%95%A1-N:0
[ERROR] Failed to load resource: the server responded with a status of 500 (Internal Server Error) @ http://localhost:3000/api/master-pricing?master_id=04122135-d4ff-4c83-912e-dd015c2a1478&model_name=RS-%EB%A0%88%EC%9D%B4%EC%8A%A4%EB%95%A1%EB%95%A1-N:0
[LOG] [getMasterPhotoUrl] Input: master/f9f26337-f1b5-4f45-ae4d-22b4b1a47889.webp -> Output: https://ptxmypzrqonokuikpqzr.supabase.co/storage/v1/object/public/master_images/master/f9f26337-f1b5-4f45-ae4d-22b4b1a47889.webp @ http://localhost:3000/_next/static/chunks/2374f_next_dist_5b90db1e._.js:2297
[LOG] [getMasterPhotoUrl] Input: master/f9f26337-f1b5-4f45-ae4d-22b4b1a47889.webp -> Output: https://ptxmypzrqonokuikpqzr.supabase.co/storage/v1/object/public/master_images/master/f9f26337-f1b5-4f45-ae4d-22b4b1a47889.webp @ http://localhost:3000/_next/static/chunks/2374f_next_dist_5b90db1e._.js:2297
[LOG] [getMasterPhotoUrl] Input: master/f9f26337-f1b5-4f45-ae4d-22b4b1a47889.webp -> Output: https://ptxmypzrqonokuikpqzr.supabase.co/storage/v1/object/public/master_images/master/f9f26337-f1b5-4f45-ae4d-22b4b1a47889.webp @ http://localhost:3000/_next/static/chunks/2374f_next_dist_5b90db1e._.js:2297
[LOG] [getMasterPhotoUrl] Input: master/f9f26337-f1b5-4f45-ae4d-22b4b1a47889.webp -> Output: https://ptxmypzrqonokuikpqzr.supabase.co/storage/v1/object/public/master_images/master/f9f26337-f1b5-4f45-ae4d-22b4b1a47889.webp @ http://localhost:3000/_next/static/chunks/2374f_next_dist_5b90db1e._.js:2297
[LOG] [getMasterPhotoUrl] Input: master/f9f26337-f1b5-4f45-ae4d-22b4b1a47889.webp -> Output: https://ptxmypzrqonokuikpqzr.supabase.co/storage/v1/object/public/master_images/master/f9f26337-f1b5-4f45-ae4d-22b4b1a47889.webp @ http://localhost:3000/_next/static/chunks/2374f_next_dist_5b90db1e._.js:2297
[LOG] [getMasterPhotoUrl] Input: master/f9f26337-f1b5-4f45-ae4d-22b4b1a47889.webp -> Output: https://ptxmypzrqonokuikpqzr.supabase.co/storage/v1/object/public/master_images/master/f9f26337-f1b5-4f45-ae4d-22b4b1a47889.webp @ http://localhost:3000/_next/static/chunks/2374f_next_dist_5b90db1e._.js:2297
[LOG] [getMasterPhotoUrl] Input: master/f9f26337-f1b5-4f45-ae4d-22b4b1a47889.webp -> Output: https://ptxmypzrqonokuikpqzr.supabase.co/storage/v1/object/public/master_images/master/f9f26337-f1b5-4f45-ae4d-22b4b1a47889.webp @ http://localhost:3000/_next/static/chunks/2374f_next_dist_5b90db1e._.js:2297
[LOG] [getMasterPhotoUrl] Input: master/f9f26337-f1b5-4f45-ae4d-22b4b1a47889.webp -> Output: https://ptxmypzrqonokuikpqzr.supabase.co/storage/v1/object/public/master_images/master/f9f26337-f1b5-4f45-ae4d-22b4b1a47889.webp @ http://localhost:3000/_next/static/chunks/2374f_next_dist_5b90db1e._.js:2297
[LOG] [getMasterPhotoUrl] Input: master/f9f26337-f1b5-4f45-ae4d-22b4b1a47889.webp -> Output: https://ptxmypzrqonokuikpqzr.supabase.co/storage/v1/object/public/master_images/master/f9f26337-f1b5-4f45-ae4d-22b4b1a47889.webp @ http://localhost:3000/_next/static/chunks/2374f_next_dist_5b90db1e._.js:2297
[LOG] [getMasterPhotoUrl] Input: master/f9f26337-f1b5-4f45-ae4d-22b4b1a47889.webp -> Output: https://ptxmypzrqonokuikpqzr.supabase.co/storage/v1/object/public/master_images/master/f9f26337-f1b5-4f45-ae4d-22b4b1a47889.webp @ http://localhost:3000/_next/static/chunks/2374f_next_dist_5b90db1e._.js:2297
[LOG] [getMasterPhotoUrl] Input: master/f9f26337-f1b5-4f45-ae4d-22b4b1a47889.webp -> Output: https://ptxmypzrqonokuikpqzr.supabase.co/storage/v1/object/public/master_images/master/f9f26337-f1b5-4f45-ae4d-22b4b1a47889.webp @ http://localhost:3000/_next/static/chunks/2374f_next_dist_5b90db1e._.js:2297
[LOG] [getMasterPhotoUrl] Input: master/f9f26337-f1b5-4f45-ae4d-22b4b1a47889.webp -> Output: https://ptxmypzrqonokuikpqzr.supabase.co/storage/v1/object/public/master_images/master/f9f26337-f1b5-4f45-ae4d-22b4b1a47889.webp @ http://localhost:3000/_next/static/chunks/2374f_next_dist_5b90db1e._.js:2297
[LOG] [getMasterPhotoUrl] Input: master/f9f26337-f1b5-4f45-ae4d-22b4b1a47889.webp -> Output: https://ptxmypzrqonokuikpqzr.supabase.co/storage/v1/object/public/master_images/master/f9f26337-f1b5-4f45-ae4d-22b4b1a47889.webp @ http://localhost:3000/_next/static/chunks/2374f_next_dist_5b90db1e._.js:2297
[LOG] [getMasterPhotoUrl] Input: master/f9f26337-f1b5-4f45-ae4d-22b4b1a47889.webp -> Output: https://ptxmypzrqonokuikpqzr.supabase.co/storage/v1/object/public/master_images/master/f9f26337-f1b5-4f45-ae4d-22b4b1a47889.webp @ http://localhost:3000/_next/static/chunks/2374f_next_dist_5b90db1e._.js:2297
[LOG] [getMasterPhotoUrl] Input: master/f9f26337-f1b5-4f45-ae4d-22b4b1a47889.webp -> Output: https://ptxmypzrqonokuikpqzr.supabase.co/storage/v1/object/public/master_images/master/f9f26337-f1b5-4f45-ae4d-22b4b1a47889.webp @ http://localhost:3000/_next/static/chunks/2374f_next_dist_5b90db1e._.js:2297
[LOG] [getMasterPhotoUrl] Input: master/f9f26337-f1b5-4f45-ae4d-22b4b1a47889.webp -> Output: https://ptxmypzrqonokuikpqzr.supabase.co/storage/v1/object/public/master_images/master/f9f26337-f1b5-4f45-ae4d-22b4b1a47889.webp @ http://localhost:3000/_next/static/chunks/2374f_next_dist_5b90db1e._.js:2297
[LOG] [getMasterPhotoUrl] Input: master/f9f26337-f1b5-4f45-ae4d-22b4b1a47889.webp -> Output: https://ptxmypzrqonokuikpqzr.supabase.co/storage/v1/object/public/master_images/master/f9f26337-f1b5-4f45-ae4d-22b4b1a47889.webp @ http://localhost:3000/_next/static/chunks/2374f_next_dist_5b90db1e._.js:2297
[LOG] [getMasterPhotoUrl] Input: master/f9f26337-f1b5-4f45-ae4d-22b4b1a47889.webp -> Output: https://ptxmypzrqonokuikpqzr.supabase.co/storage/v1/object/public/master_images/master/f9f26337-f1b5-4f45-ae4d-22b4b1a47889.webp @ http://localhost:3000/_next/static/chunks/2374f_next_dist_5b90db1e._.js:2297
[LOG] [getMasterPhotoUrl] Input: master/f9f26337-f1b5-4f45-ae4d-22b4b1a47889.webp -> Output: https://ptxmypzrqonokuikpqzr.supabase.co/storage/v1/object/public/master_images/master/f9f26337-f1b5-4f45-ae4d-22b4b1a47889.webp @ http://localhost:3000/_next/static/chunks/2374f_next_dist_5b90db1e._.js:2297
[LOG] [getMasterPhotoUrl] Input: master/f9f26337-f1b5-4f45-ae4d-22b4b1a47889.webp -> Output: https://ptxmypzrqonokuikpqzr.supabase.co/storage/v1/object/public/master_images/master/f9f26337-f1b5-4f45-ae4d-22b4b1a47889.webp @ http://localhost:3000/_next/static/chunks/2374f_next_dist_5b90db1e._.js:2297
[LOG] [getMasterPhotoUrl] Input: master/f9f26337-f1b5-4f45-ae4d-22b4b1a47889.webp -> Output: https://ptxmypzrqonokuikpqzr.supabase.co/storage/v1/object/public/master_images/master/f9f26337-f1b5-4f45-ae4d-22b4b1a47889.webp @ http://localhost:3000/_next/static/chunks/2374f_next_dist_5b90db1e._.js:2297
[LOG] [getMasterPhotoUrl] Input: master/f9f26337-f1b5-4f45-ae4d-22b4b1a47889.webp -> Output: https://ptxmypzrqonokuikpqzr.supabase.co/storage/v1/object/public/master_images/master/f9f26337-f1b5-4f45-ae4d-22b4b1a47889.webp @ http://localhost:3000/_next/static/chunks/2374f_next_dist_5b90db1e._.js:2297
[LOG] [getMasterPhotoUrl] Input: master/f9f26337-f1b5-4f45-ae4d-22b4b1a47889.webp -> Output: https://ptxmypzrqonokuikpqzr.supabase.co/storage/v1/object/public/master_images/master/f9f26337-f1b5-4f45-ae4d-22b4b1a47889.webp @ http://localhost:3000/_next/static/chunks/2374f_next_dist_5b90db1e._.js:2297
[LOG] [getMasterPhotoUrl] Input: master/f9f26337-f1b5-4f45-ae4d-22b4b1a47889.webp -> Output: https://ptxmypzrqonokuikpqzr.supabase.co/storage/v1/object/public/master_images/master/f9f26337-f1b5-4f45-ae4d-22b4b1a47889.webp @ http://localhost:3000/_next/static/chunks/2374f_next_dist_5b90db1e._.js:2297
[LOG] [getMasterPhotoUrl] Input: master/f9f26337-f1b5-4f45-ae4d-22b4b1a47889.webp -> Output: https://ptxmypzrqonokuikpqzr.supabase.co/storage/v1/object/public/master_images/master/f9f26337-f1b5-4f45-ae4d-22b4b1a47889.webp @ http://localhost:3000/_next/static/chunks/2374f_next_dist_5b90db1e._.js:2297
[LOG] [getMasterPhotoUrl] Input: master/f9f26337-f1b5-4f45-ae4d-22b4b1a47889.webp -> Output: https://ptxmypzrqonokuikpqzr.supabase.co/storage/v1/object/public/master_images/master/f9f26337-f1b5-4f45-ae4d-22b4b1a47889.webp @ http://localhost:3000/_next/static/chunks/2374f_next_dist_5b90db1e._.js:2297
[LOG] [getMasterPhotoUrl] Input: master/f9f26337-f1b5-4f45-ae4d-22b4b1a47889.webp -> Output: https://ptxmypzrqonokuikpqzr.supabase.co/storage/v1/object/public/master_images/master/f9f26337-f1b5-4f45-ae4d-22b4b1a47889.webp @ http://localhost:3000/_next/static/chunks/2374f_next_dist_5b90db1e._.js:2297
[LOG] [getMasterPhotoUrl] Input: master/f9f26337-f1b5-4f45-ae4d-22b4b1a47889.webp -> Output: https://ptxmypzrqonokuikpqzr.supabase.co/storage/v1/object/public/master_images/master/f9f26337-f1b5-4f45-ae4d-22b4b1a47889.webp @ http://localhost:3000/_next/static/chunks/2374f_next_dist_5b90db1e._.js:2297
[LOG] [getMasterPhotoUrl] Input: master/f9f26337-f1b5-4f45-ae4d-22b4b1a47889.webp -> Output: https://ptxmypzrqonokuikpqzr.supabase.co/storage/v1/object/public/master_images/master/f9f26337-f1b5-4f45-ae4d-22b4b1a47889.webp @ http://localhost:3000/_next/static/chunks/2374f_next_dist_5b90db1e._.js:2297
[LOG] [getMasterPhotoUrl] Input: master/f9f26337-f1b5-4f45-ae4d-22b4b1a47889.webp -> Output: https://ptxmypzrqonokuikpqzr.supabase.co/storage/v1/object/public/master_images/master/f9f26337-f1b5-4f45-ae4d-22b4b1a47889.webp @ http://localhost:3000/_next/static/chunks/2374f_next_dist_5b90db1e._.js:2297
[LOG] [getMasterPhotoUrl] Input: master/f9f26337-f1b5-4f45-ae4d-22b4b1a47889.webp -> Output: https://ptxmypzrqonokuikpqzr.supabase.co/storage/v1/object/public/master_images/master/f9f26337-f1b5-4f45-ae4d-22b4b1a47889.webp @ http://localhost:3000/_next/static/chunks/2374f_next_dist_5b90db1e._.js:2297
[LOG] [getMasterPhotoUrl] Input: master/f9f26337-f1b5-4f45-ae4d-22b4b1a47889.webp -> Output: https://ptxmypzrqonokuikpqzr.supabase.co/storage/v1/object/public/master_images/master/f9f26337-f1b5-4f45-ae4d-22b4b1a47889.webp @ http://localhost:3000/_next/static/chunks/2374f_next_dist_5b90db1e._.js:2297
[LOG] [getMasterPhotoUrl] Input: master/f9f26337-f1b5-4f45-ae4d-22b4b1a47889.webp -> Output: https://ptxmypzrqonokuikpqzr.supabase.co/storage/v1/object/public/master_images/master/f9f26337-f1b5-4f45-ae4d-22b4b1a47889.webp @ http://localhost:3000/_next/static/chunks/2374f_next_dist_5b90db1e._.js:2297
[LOG] [getMasterPhotoUrl] Input: master/f9f26337-f1b5-4f45-ae4d-22b4b1a47889.webp -> Output: https://ptxmypzrqonokuikpqzr.supabase.co/storage/v1/object/public/master_images/master/f9f26337-f1b5-4f45-ae4d-22b4b1a47889.webp @ http://localhost:3000/_next/static/chunks/2374f_next_dist_5b90db1e._.js:2297
[LOG] [getMasterPhotoUrl] Input: master/f9f26337-f1b5-4f45-ae4d-22b4b1a47889.webp -> Output: https://ptxmypzrqonokuikpqzr.supabase.co/storage/v1/object/public/master_images/master/f9f26337-f1b5-4f45-ae4d-22b4b1a47889.webp @ http://localhost:3000/_next/static/chunks/2374f_next_dist_5b90db1e._.js:2297
[LOG] [getMasterPhotoUrl] Input: master/f9f26337-f1b5-4f45-ae4d-22b4b1a47889.webp -> Output: https://ptxmypzrqonokuikpqzr.supabase.co/storage/v1/object/public/master_images/master/f9f26337-f1b5-4f45-ae4d-22b4b1a47889.webp @ http://localhost:3000/_next/static/chunks/2374f_next_dist_5b90db1e._.js:2297
[LOG] [getMasterPhotoUrl] Input: master/f9f26337-f1b5-4f45-ae4d-22b4b1a47889.webp -> Output: https://ptxmypzrqonokuikpqzr.supabase.co/storage/v1/object/public/master_images/master/f9f26337-f1b5-4f45-ae4d-22b4b1a47889.webp @ http://localhost:3000/_next/static/chunks/2374f_next_dist_5b90db1e._.js:2297
[LOG] [getMasterPhotoUrl] Input: master/f9f26337-f1b5-4f45-ae4d-22b4b1a47889.webp -> Output: https://ptxmypzrqonokuikpqzr.supabase.co/storage/v1/object/public/master_images/master/f9f26337-f1b5-4f45-ae4d-22b4b1a47889.webp @ http://localhost:3000/_next/static/chunks/2374f_next_dist_5b90db1e._.js:2297
[LOG] [getMasterPhotoUrl] Input: master/f9f26337-f1b5-4f45-ae4d-22b4b1a47889.webp -> Output: https://ptxmypzrqonokuikpqzr.supabase.co/storage/v1/object/public/master_images/master/f9f26337-f1b5-4f45-ae4d-22b4b1a47889.webp @ http://localhost:3000/_next/static/chunks/2374f_next_dist_5b90db1e._.js:2297
[LOG] [getMasterPhotoUrl] Input: master/f9f26337-f1b5-4f45-ae4d-22b4b1a47889.webp -> Output: https://ptxmypzrqonokuikpqzr.supabase.co/storage/v1/object/public/master_images/master/f9f26337-f1b5-4f45-ae4d-22b4b1a47889.webp @ http://localhost:3000/_next/static/chunks/2374f_next_dist_5b90db1e._.js:2297
[LOG] [getMasterPhotoUrl] Input: master/f9f26337-f1b5-4f45-ae4d-22b4b1a47889.webp -> Output: https://ptxmypzrqonokuikpqzr.supabase.co/storage/v1/object/public/master_images/master/f9f26337-f1b5-4f45-ae4d-22b4b1a47889.webp @ http://localhost:3000/_next/static/chunks/2374f_next_dist_5b90db1e._.js:2297
[LOG] [getMasterPhotoUrl] Input: master/f9f26337-f1b5-4f45-ae4d-22b4b1a47889.webp -> Output: https://ptxmypzrqonokuikpqzr.supabase.co/storage/v1/object/public/master_images/master/f9f26337-f1b5-4f45-ae4d-22b4b1a47889.webp @ http://localhost:3000/_next/static/chunks/2374f_next_dist_5b90db1e._.js:2297
[LOG] [getMasterPhotoUrl] Input: master/f9f26337-f1b5-4f45-ae4d-22b4b1a47889.webp -> Output: https://ptxmypzrqonokuikpqzr.supabase.co/storage/v1/object/public/master_images/master/f9f26337-f1b5-4f45-ae4d-22b4b1a47889.webp @ http://localhost:3000/_next/static/chunks/2374f_next_dist_5b90db1e._.js:2297
[LOG] [getMasterPhotoUrl] Input: master/f9f26337-f1b5-4f45-ae4d-22b4b1a47889.webp -> Output: https://ptxmypzrqonokuikpqzr.supabase.co/storage/v1/object/public/master_images/master/f9f26337-f1b5-4f45-ae4d-22b4b1a47889.webp @ http://localhost:3000/_next/static/chunks/2374f_next_dist_5b90db1e._.js:2297
[LOG] [getMasterPhotoUrl] Input: master/f9f26337-f1b5-4f45-ae4d-22b4b1a47889.webp -> Output: https://ptxmypzrqonokuikpqzr.supabase.co/storage/v1/object/public/master_images/master/f9f26337-f1b5-4f45-ae4d-22b4b1a47889.webp @ http://localhost:3000/_next/static/chunks/2374f_next_dist_5b90db1e._.js:2297
[LOG] [getMasterPhotoUrl] Input: master/f9f26337-f1b5-4f45-ae4d-22b4b1a47889.webp -> Output: https://ptxmypzrqonokuikpqzr.supabase.co/storage/v1/object/public/master_images/master/f9f26337-f1b5-4f45-ae4d-22b4b1a47889.webp @ http://localhost:3000/_next/static/chunks/2374f_next_dist_5b90db1e._.js:2297
[LOG] [getMasterPhotoUrl] Input: master/f9f26337-f1b5-4f45-ae4d-22b4b1a47889.webp -> Output: https://ptxmypzrqonokuikpqzr.supabase.co/storage/v1/object/public/master_images/master/f9f26337-f1b5-4f45-ae4d-22b4b1a47889.webp @ http://localhost:3000/_next/static/chunks/2374f_next_dist_5b90db1e._.js:2297
[LOG] [getMasterPhotoUrl] Input: master/f9f26337-f1b5-4f45-ae4d-22b4b1a47889.webp -> Output: https://ptxmypzrqonokuikpqzr.supabase.co/storage/v1/object/public/master_images/master/f9f26337-f1b5-4f45-ae4d-22b4b1a47889.webp @ http://localhost:3000/_next/static/chunks/2374f_next_dist_5b90db1e._.js:2297
[LOG] [getMasterPhotoUrl] Input: master/f9f26337-f1b5-4f45-ae4d-22b4b1a47889.webp -> Output: https://ptxmypzrqonokuikpqzr.supabase.co/storage/v1/object/public/master_images/master/f9f26337-f1b5-4f45-ae4d-22b4b1a47889.webp @ http://localhost:3000/_next/static/chunks/2374f_next_dist_5b90db1e._.js:2297
[LOG] [getMasterPhotoUrl] Input: master/f9f26337-f1b5-4f45-ae4d-22b4b1a47889.webp -> Output: https://ptxmypzrqonokuikpqzr.supabase.co/storage/v1/object/public/master_images/master/f9f26337-f1b5-4f45-ae4d-22b4b1a47889.webp @ http://localhost:3000/_next/static/chunks/2374f_next_dist_5b90db1e._.js:2297
[LOG] [getMasterPhotoUrl] Input: master/f9f26337-f1b5-4f45-ae4d-22b4b1a47889.webp -> Output: https://ptxmypzrqonokuikpqzr.supabase.co/storage/v1/object/public/master_images/master/f9f26337-f1b5-4f45-ae4d-22b4b1a47889.webp @ http://localhost:3000/_next/static/chunks/2374f_next_dist_5b90db1e._.js:2297
[LOG] [getMasterPhotoUrl] Input: master/f9f26337-f1b5-4f45-ae4d-22b4b1a47889.webp -> Output: https://ptxmypzrqonokuikpqzr.supabase.co/storage/v1/object/public/master_images/master/f9f26337-f1b5-4f45-ae4d-22b4b1a47889.webp @ http://localhost:3000/_next/static/chunks/2374f_next_dist_5b90db1e._.js:2297
[LOG] [getMasterPhotoUrl] Input: master/f9f26337-f1b5-4f45-ae4d-22b4b1a47889.webp -> Output: https://ptxmypzrqonokuikpqzr.supabase.co/storage/v1/object/public/master_images/master/f9f26337-f1b5-4f45-ae4d-22b4b1a47889.webp @ http://localhost:3000/_next/static/chunks/2374f_next_dist_5b90db1e._.js:2297
[LOG] [getMasterPhotoUrl] Input: master/f9f26337-f1b5-4f45-ae4d-22b4b1a47889.webp -> Output: https://ptxmypzrqonokuikpqzr.supabase.co/storage/v1/object/public/master_images/master/f9f26337-f1b5-4f45-ae4d-22b4b1a47889.webp @ http://localhost:3000/_next/static/chunks/2374f_next_dist_5b90db1e._.js:2297
[LOG] [getMasterPhotoUrl] Input: master/f9f26337-f1b5-4f45-ae4d-22b4b1a47889.webp -> Output: https://ptxmypzrqonokuikpqzr.supabase.co/storage/v1/object/public/master_images/master/f9f26337-f1b5-4f45-ae4d-22b4b1a47889.webp @ http://localhost:3000/_next/static/chunks/2374f_next_dist_5b90db1e._.js:2297
[LOG] [getMasterPhotoUrl] Input: master/f9f26337-f1b5-4f45-ae4d-22b4b1a47889.webp -> Output: https://ptxmypzrqonokuikpqzr.supabase.co/storage/v1/object/public/master_images/master/f9f26337-f1b5-4f45-ae4d-22b4b1a47889.webp @ http://localhost:3000/_next/static/chunks/2374f_next_dist_5b90db1e._.js:2297
[LOG] [getMasterPhotoUrl] Input: master/f9f26337-f1b5-4f45-ae4d-22b4b1a47889.webp -> Output: https://ptxmypzrqonokuikpqzr.supabase.co/storage/v1/object/public/master_images/master/f9f26337-f1b5-4f45-ae4d-22b4b1a47889.webp @ http://localhost:3000/_next/static/chunks/2374f_next_dist_5b90db1e._.js:2297
[LOG] [getMasterPhotoUrl] Input: master/f9f26337-f1b5-4f45-ae4d-22b4b1a47889.webp -> Output: https://ptxmypzrqonokuikpqzr.supabase.co/storage/v1/object/public/master_images/master/f9f26337-f1b5-4f45-ae4d-22b4b1a47889.webp @ http://localhost:3000/_next/static/chunks/2374f_next_dist_5b90db1e._.js:2297
[LOG] [getMasterPhotoUrl] Input: master/f9f26337-f1b5-4f45-ae4d-22b4b1a47889.webp -> Output: https://ptxmypzrqonokuikpqzr.supabase.co/storage/v1/object/public/master_images/master/f9f26337-f1b5-4f45-ae4d-22b4b1a47889.webp @ http://localhost:3000/_next/static/chunks/2374f_next_dist_5b90db1e._.js:2297
[LOG] [getMasterPhotoUrl] Input: master/f9f26337-f1b5-4f45-ae4d-22b4b1a47889.webp -> Output: https://ptxmypzrqonokuikpqzr.supabase.co/storage/v1/object/public/master_images/master/f9f26337-f1b5-4f45-ae4d-22b4b1a47889.webp @ http://localhost:3000/_next/static/chunks/2374f_next_dist_5b90db1e._.js:2297
[LOG] [DEBUG] cms_v_unshipped_order_lines response: 0 rows @ http://localhost:3000/_next/static/chunks/2374f_next_dist_5b90db1e._.js:2297
[LOG] [DEBUG] Sample statuses: [] @ http://localhost:3000/_next/static/chunks/2374f_next_dist_5b90db1e._.js:2297
[LOG] [DEBUG] orderLookupQuery.data: 0 rows @ http://localhost:3000/_next/static/chunks/2374f_next_dist_5b90db1e._.js:2297
[LOG] [DEBUG] order_line_ids: [] @ http://localhost:3000/_next/static/chunks/2374f_next_dist_5b90db1e._.js:2297
[LOG] [DEBUG] onlyReadyToShip: true @ http://localhost:3000/_next/static/chunks/2374f_next_dist_5b90db1e._.js:2297
[LOG] [DEBUG] includeStorePickup: false @ http://localhost:3000/_next/static/chunks/2374f_next_dist_5b90db1e._.js:2297
[LOG] [DEBUG] storePickupLookupQuery.isLoading: false @ http://localhost:3000/_next/static/chunks/2374f_next_dist_5b90db1e._.js:2297
[LOG] [DEBUG] storePickupLookupIds: [] @ http://localhost:3000/_next/static/chunks/2374f_next_dist_5b90db1e._.js:2297
[LOG] [DEBUG] Removed order_line_ids (store pickup): [] @ http://localhost:3000/_next/static/chunks/2374f_next_dist_5b90db1e._.js:2297
[LOG] [DEBUG] After store pickup filter: 0 / 0 @ http://localhost:3000/_next/static/chunks/2374f_next_dist_5b90db1e._.js:2297
[LOG] [DEBUG] After isWorklistStatus filter: 0 @ http://localhost:3000/_next/static/chunks/2374f_next_dist_5b90db1e._.js:2297
[LOG] [DEBUG] PENDING_ORDER_STATUSES: [SENT_TO_VENDOR, READY_TO_SHIP] @ http://localhost:3000/_next/static/chunks/2374f_next_dist_5b90db1e._.js:2297
[LOG] [DEBUG] All statuses in data: [] @ http://localhost:3000/_next/static/chunks/2374f_next_dist_5b90db1e._.js:2297
[LOG] [DEBUG] orderLookupQuery.data: 0 rows @ http://localhost:3000/_next/static/chunks/2374f_next_dist_5b90db1e._.js:2297
[LOG] [DEBUG] order_line_ids: [] @ http://localhost:3000/_next/static/chunks/2374f_next_dist_5b90db1e._.js:2297
[LOG] [DEBUG] onlyReadyToShip: true @ http://localhost:3000/_next/static/chunks/2374f_next_dist_5b90db1e._.js:2297
[LOG] [DEBUG] includeStorePickup: false @ http://localhost:3000/_next/static/chunks/2374f_next_dist_5b90db1e._.js:2297
[LOG] [DEBUG] storePickupLookupQuery.isLoading: false @ http://localhost:3000/_next/static/chunks/2374f_next_dist_5b90db1e._.js:2297
[LOG] [DEBUG] storePickupLookupIds: [] @ http://localhost:3000/_next/static/chunks/2374f_next_dist_5b90db1e._.js:2297
[LOG] [DEBUG] Removed order_line_ids (store pickup): [] @ http://localhost:3000/_next/static/chunks/2374f_next_dist_5b90db1e._.js:2297
[LOG] [DEBUG] After store pickup filter: 0 / 0 @ http://localhost:3000/_next/static/chunks/2374f_next_dist_5b90db1e._.js:2297
[LOG] [DEBUG] After isWorklistStatus filter: 0 @ http://localhost:3000/_next/static/chunks/2374f_next_dist_5b90db1e._.js:2297
[LOG] [DEBUG] PENDING_ORDER_STATUSES: [SENT_TO_VENDOR, READY_TO_SHIP] @ http://localhost:3000/_next/static/chunks/2374f_next_dist_5b90db1e._.js:2297
[LOG] [DEBUG] All statuses in data: [] @ http://localhost:3000/_next/static/chunks/2374f_next_dist_5b90db1e._.js:2297
[LOG] [getMasterPhotoUrl] Input: master/f9f26337-f1b5-4f45-ae4d-22b4b1a47889.webp -> Output: https://ptxmypzrqonokuikpqzr.supabase.co/storage/v1/object/public/master_images/master/f9f26337-f1b5-4f45-ae4d-22b4b1a47889.webp @ http://localhost:3000/_next/static/chunks/2374f_next_dist_5b90db1e._.js:2297
[LOG] [getMasterPhotoUrl] Input: master/f9f26337-f1b5-4f45-ae4d-22b4b1a47889.webp -> Output: https://ptxmypzrqonokuikpqzr.supabase.co/storage/v1/object/public/master_images/master/f9f26337-f1b5-4f45-ae4d-22b4b1a47889.webp @ http://localhost:3000/_next/static/chunks/2374f_next_dist_5b90db1e._.js:2297
[LOG] [getMasterPhotoUrl] Input: master/f9f26337-f1b5-4f45-ae4d-22b4b1a47889.webp -> Output: https://ptxmypzrqonokuikpqzr.supabase.co/storage/v1/object/public/master_images/master/f9f26337-f1b5-4f45-ae4d-22b4b1a47889.webp @ http://localhost:3000/_next/static/chunks/2374f_next_dist_5b90db1e._.js:2297
[LOG] [getMasterPhotoUrl] Input: master/f9f26337-f1b5-4f45-ae4d-22b4b1a47889.webp -> Output: https://ptxmypzrqonokuikpqzr.supabase.co/storage/v1/object/public/master_images/master/f9f26337-f1b5-4f45-ae4d-22b4b1a47889.webp @ http://localhost:3000/_next/static/chunks/2374f_next_dist_5b90db1e._.js:2297
[LOG] [getMasterPhotoUrl] Input: master/f9f26337-f1b5-4f45-ae4d-22b4b1a47889.webp -> Output: https://ptxmypzrqonokuikpqzr.supabase.co/storage/v1/object/public/master_images/master/f9f26337-f1b5-4f45-ae4d-22b4b1a47889.webp @ http://localhost:3000/_next/static/chunks/2374f_next_dist_5b90db1e._.js:2297
[LOG] [getMasterPhotoUrl] Input: master/f9f26337-f1b5-4f45-ae4d-22b4b1a47889.webp -> Output: https://ptxmypzrqonokuikpqzr.supabase.co/storage/v1/object/public/master_images/master/f9f26337-f1b5-4f45-ae4d-22b4b1a47889.webp @ http://localhost:3000/_next/static/chunks/2374f_next_dist_5b90db1e._.js:2297
[LOG] [getMasterPhotoUrl] Input: master/f9f26337-f1b5-4f45-ae4d-22b4b1a47889.webp -> Output: https://ptxmypzrqonokuikpqzr.supabase.co/storage/v1/object/public/master_images/master/f9f26337-f1b5-4f45-ae4d-22b4b1a47889.webp @ http://localhost:3000/_next/static/chunks/2374f_next_dist_5b90db1e._.js:2297
[LOG] [getMasterPhotoUrl] Input: master/f9f26337-f1b5-4f45-ae4d-22b4b1a47889.webp -> Output: https://ptxmypzrqonokuikpqzr.supabase.co/storage/v1/object/public/master_images/master/f9f26337-f1b5-4f45-ae4d-22b4b1a47889.webp @ http://localhost:3000/_next/static/chunks/2374f_next_dist_5b90db1e._.js:2297
[LOG] [getMasterPhotoUrl] Input: master/f9f26337-f1b5-4f45-ae4d-22b4b1a47889.webp -> Output: https://ptxmypzrqonokuikpqzr.supabase.co/storage/v1/object/public/master_images/master/f9f26337-f1b5-4f45-ae4d-22b4b1a47889.webp @ http://localhost:3000/_next/static/chunks/2374f_next_dist_5b90db1e._.js:2297
[LOG] [getMasterPhotoUrl] Input: master/f9f26337-f1b5-4f45-ae4d-22b4b1a47889.webp -> Output: https://ptxmypzrqonokuikpqzr.supabase.co/storage/v1/object/public/master_images/master/f9f26337-f1b5-4f45-ae4d-22b4b1a47889.webp @ http://localhost:3000/_next/static/chunks/2374f_next_dist_5b90db1e._.js:2297
[ERROR] Failed to load resource: the server responded with a status of 500 (Internal Server Error) @ http://localhost:3000/api/master-pricing?master_id=04122135-d4ff-4c83-912e-dd015c2a1478&model_name=RS-%EB%A0%88%EC%9D%B4%EC%8A%A4%EB%95%A1%EB%95%A1-N:0
[ERROR] Failed to load resource: the server responded with a status of 500 (Internal Server Error) @ http://localhost:3000/api/master-pricing?master_id=04122135-d4ff-4c83-912e-dd015c2a1478&model_name=RS-%EB%A0%88%EC%9D%B4%EC%8A%A4%EB%95%A1%EB%95%A1-N:0
[ERROR] Failed to load resource: the server responded with a status of 500 (Internal Server Error) @ http://localhost:3000/api/master-pricing?master_id=04122135-d4ff-4c83-912e-dd015c2a1478&model_name=RS-%EB%A0%88%EC%9D%B4%EC%8A%A4%EB%95%A1%EB%95%A1-N:0